#
# A fatal error has been detected by the Java Runtime Environment:
#
#  EXCEPTION_ACCESS_VIOLATION (0xc0000005) at pc=0x000002685b9d3aa4, pid=68144, tid=80636
#
# JRE version: OpenJDK Runtime Environment (11.0.2+9) (build 11.0.2+9)
# Java VM: OpenJDK 64-Bit Server VM (11.0.2+9, mixed mode, tiered, compressed oops, g1 gc, windows-amd64)
# Problematic frame:
# j  java.util.HashMap.<init>(IF)V+51 java.base@11.0.2
#
# No core dump will be written. Minidumps are not enabled by default on client versions of Windows
#
# If you would like to submit a bug report, please visit:
#   http://bugreport.java.com/bugreport/crash.jsp
#

---------------  S U M M A R Y ------------

Command Line: -ea -agentlib:jdwp=transport=dt_shmem,address=javadebug -Dfile.encoding=UTF-8 bluej.runtime.ExecServer UTF-8

Host: AMD FX-8320E Eight-Core Processor              , 8 cores, 7G,  Windows 10 , 64 bit Build 18362 (10.0.18362.959)
Time: Wed Sep  9 18:12:53 2020 Central Daylight Time elapsed time: 23057 seconds (0d 6h 24m 17s)

---------------  T H R E A D  ---------------

Current thread (0x0000026873a53800):  JavaThread "AWT-Shutdown" [_thread_in_Java, id=80636, stack(0x000000d175100000,0x000000d175200000)]

Stack: [0x000000d175100000,0x000000d175200000],  sp=0x000000d1751ff378,  free space=1020k
Native frames: (J=compiled Java code, j=interpreted, Vv=VM code, C=native code)
C  0x000002685b9d3aa4


siginfo: EXCEPTION_ACCESS_VIOLATION (0xc0000005), reading address 0x0000022872c11d04


Register to memory mapping:

RIP=0x000002685b9d3aa4 is at code_begin+4 in an Interpreter codelet
method entry point (kind = zerolocals)  [0x000002685b9d3aa0, 0x000002685b9d4360]  2240 bytes
RAX=0x0 is NULL
RBX={method} {0x0000026872c11d30} 
[error occurred during error reporting (printing register info), id 0xc0000005, EXCEPTION_ACCESS_VIOLATION (0xc0000005) at pc=0x00007fffb03ca57a]

Registers:
RAX=0x0000000000000000, RBX=0x0000026872c11d28, RCX=0x0000026872c50620, RDX=0x0000022872c11cd0
RSP=0x000000d1751ff378, RBP=0x000000d1751ff3d0, RSI=0x0000026872d52cf0, RDI=0x000000000002bf78
R8 =0x0000000000000010, R9 =0x0000000087d00910, R10=0x00007fffb0851570, R11=0x000002685bf7a260
R12=0x0000000000000000, R13=0x000000d1751ff380, R14=0x000000d1751ff3f0, R15=0x0000026873a53800
RIP=0x000002685b9d3aa4, EFLAGS=0x0000000000010246

Top of Stack: (sp=0x000000d1751ff378)
0x000000d1751ff378:   000002685b9caf2d 000000003f400000
0x000000d1751ff388:   000000d1751ff388 0000026872c4a93b
0x000000d1751ff398:   000000d1751ff3f0 0000026872c50620
0x000000d1751ff3a8:   0000000000000000 0000000088307658
0x000000d1751ff3b8:   0000026872c4a9a0 000000d1751ff380
0x000000d1751ff3c8:   000000d1751ff3e0 000000d1751ff440
0x000000d1751ff3d8:   000002685b9cc948 000000003f400000
0x000000d1751ff3e8:   0000000000000010 0000000087a00010
0x000000d1751ff3f8:   000000d1751ff3f8 0000026872c4aa34
0x000000d1751ff408:   000000d1751ff458 0000026872c50620
0x000000d1751ff418:   0000000000000000 0000000088307658
0x000000d1751ff428:   0000026872c4aa58 000000d1751ff3e0
0x000000d1751ff438:   000000d1751ff450 000000d1751ff4b8
0x000000d1751ff448:   000002685b9cc948 0000000000000010
0x000000d1751ff458:   0000000087a00010 0000000087a00010
0x000000d1751ff468:   0000000087a00000 000000d1751ff470 

Instructions: (pc=0x000002685b9d3aa4)
0x000002685b9d3a84:   00 00 00 00 d0 58 6b b0 ff 7f 00 00 ff ff ff ff
0x000002685b9d3a94:   00 00 00 00 00 00 00 00 00 00 00 00 48 8b 53 08
0x000002685b9d3aa4:   0f b7 4a 34 0f b7 52 32 2b d1 81 fa f5 01 00 00
0x000002685b9d3ab4:   0f 86 25 00 00 00 48 8b c2 48 c1 e0 03 48 83 c0 


Stack slot to memory mapping:
stack at sp + 0 slots: 0x000002685b9caf2d is at code_begin+781 in an Interpreter codelet
invoke return entry points  [0x000002685b9cac20, 0x000002685b9ccc60]  8256 bytes
stack at sp + 1 slots: 0x000000003f400000 is an unknown value
stack at sp + 2 slots: 0x000000d1751ff388 is pointing into the stack for thread: 0x0000026873a53800
stack at sp + 3 slots: 0x0000026872c4a93b is pointing into metadata
stack at sp + 4 slots: 0x000000d1751ff3f0 is pointing into the stack for thread: 0x0000026873a53800
stack at sp + 5 slots: 0x0000026872c50620 is pointing into metadata
stack at sp + 6 slots: 0x0 is NULL
stack at sp + 7 slots: 0x0000000088307658 is an oop: java.lang.Class 
{0x0000000088307658} - klass: 'java/lang/Class'

method entry point (kind = zerolocals)  [0x000002685b9d3aa0, 0x000002685b9d4360]  2240 bytes

---------------  P R O C E S S  ---------------

Threads class SMR info:
_java_thread_list=0x0000026873a3eeb0, length=18, elements={
0x0000026872adf000, 0x0000026872ae0800, 0x0000026872b16000, 0x0000026873483800,
0x0000026873485800, 0x0000026873488800, 0x000002687343b000, 0x00000268735e2000,
0x00000268735ed000, 0x00000268735ef800, 0x0000026873600800, 0x0000026873617800,
0x0000026873a52000, 0x0000026873a57800, 0x0000026873af4800, 0x0000026873af5800,
0x0000026851e9a000, 0x0000026873a53800
}

Java Threads: ( => current thread )
  0x0000026872adf000 JavaThread "Reference Handler" daemon [_thread_blocked, id=58648, stack(0x000000d175a00000,0x000000d175b00000)]
  0x0000026872ae0800 JavaThread "Finalizer" daemon [_thread_blocked, id=66152, stack(0x000000d175b00000,0x000000d175c00000)]
  0x0000026872b16000 JavaThread "Signal Dispatcher" daemon [_thread_blocked, id=67016, stack(0x000000d175c00000,0x000000d175d00000)]
  0x0000026873483800 JavaThread "Attach Listener" daemon [_thread_blocked, id=67872, stack(0x000000d175d00000,0x000000d175e00000)]
  0x0000026873485800 JavaThread "C2 CompilerThread0" daemon [_thread_blocked, id=66616, stack(0x000000d175e00000,0x000000d175f00000)]
  0x0000026873488800 JavaThread "C1 CompilerThread0" daemon [_thread_blocked, id=66020, stack(0x000000d175f00000,0x000000d176000000)]
  0x000002687343b000 JavaThread "Sweeper thread" daemon [_thread_blocked, id=65492, stack(0x000000d176000000,0x000000d176100000)]
  0x00000268735e2000 JavaThread "JDWP Transport Listener: dt_shmem" daemon [_thread_blocked, id=45048, stack(0x000000d176100000,0x000000d176200000)]
  0x00000268735ed000 JavaThread "JDWP Event Helper Thread" daemon [_thread_blocked, id=65432, stack(0x000000d176200000,0x000000d176300000)]
  0x00000268735ef800 JavaThread "JDWP Command Reader" daemon [_thread_in_native, id=67976, stack(0x000000d176300000,0x000000d176400000)]
  0x0000026873600800 JavaThread "Service Thread" daemon [_thread_blocked, id=66592, stack(0x000000d176400000,0x000000d176500000)]
  0x0000026873617800 JavaThread "Common-Cleaner" daemon [_thread_blocked, id=65832, stack(0x000000d176600000,0x000000d176700000)]
  0x0000026873a52000 JavaThread "Java2D Disposer" daemon [_thread_blocked, id=67592, stack(0x000000d176700000,0x000000d176800000)]
  0x0000026873a57800 JavaThread "AWT-Windows" daemon [_thread_in_native, id=67632, stack(0x000000d176900000,0x000000d176a00000)]
  0x0000026873af4800 JavaThread "main" [_thread_blocked, id=67580, stack(0x000000d176a00000,0x000000d176b00000)]
  0x0000026873af5800 JavaThread "BlueJ worker thread" [_thread_blocked, id=67388, stack(0x000000d176b00000,0x000000d176c00000)]
  0x0000026851e9a000 JavaThread "DestroyJavaVM" [_thread_blocked, id=67180, stack(0x000000d175300000,0x000000d175400000)]
=>0x0000026873a53800 JavaThread "AWT-Shutdown" [_thread_in_Java, id=80636, stack(0x000000d175100000,0x000000d175200000)]

Other Threads:
  0x0000026872adc800 VMThread "VM Thread" [stack: 0x000000d175900000,0x000000d175a00000] [id=66736]
  0x0000026873602000 WatcherThread [stack: 0x000000d176500000,0x000000d176600000] [id=66568]
  0x000002685369c800 GCTaskThread "GC Thread#0" [stack: 0x000000d175400000,0x000000d175500000] [id=64972]
  0x00000268536d0000 ConcurrentGCThread "G1 Main Marker" [stack: 0x000000d175500000,0x000000d175600000] [id=53672]
  0x00000268536d2000 ConcurrentGCThread "G1 Conc#0" [stack: 0x000000d175600000,0x000000d175700000] [id=65136]
  0x0000026872946800 ConcurrentGCThread "G1 Refine#0" [stack: 0x000000d175700000,0x000000d175800000] [id=65240]
  0x0000026872947000 ConcurrentGCThread "G1 Young RemSet Sampling" [stack: 0x000000d175800000,0x000000d175900000] [id=64876]

Threads with active compile tasks:

VM state:not at safepoint (normal execution)

VM Mutex/Monitor currently owned by a thread: None

Heap address: 0x0000000080400000, size: 2044 MB, Compressed Oops mode: 32-bit
Narrow klass base: 0x0000000000000000, Narrow klass shift: 3
Compressed class space size: 1073741824 Address: 0x0000000100000000

Heap:
 garbage-first heap   total 131072K, used 8192K [0x0000000080400000, 0x0000000100000000)
  region size 1024K, 10 young (10240K), 0 survivors (0K)
 Metaspace       used 8691K, capacity 8861K, committed 9088K, reserved 1056768K
  class space    used 802K, capacity 873K, committed 896K, reserved 1048576K
Heap Regions: E=young(eden), S=young(survivor), O=old, HS=humongous(starts), HC=humongous(continues), CS=collection set, F=free, A=archive, TAMS=top-at-mark-start (previous, next)
|   0|0x0000000080400000, 0x0000000080400000, 0x0000000080500000|  0%| F|  |TAMS 0x0000000080400000, 0x0000000080400000| Untracked 
|   1|0x0000000080500000, 0x0000000080500000, 0x0000000080600000|  0%| F|  |TAMS 0x0000000080500000, 0x0000000080500000| Untracked 
|   2|0x0000000080600000, 0x0000000080600000, 0x0000000080700000|  0%| F|  |TAMS 0x0000000080600000, 0x0000000080600000| Untracked 
|   3|0x0000000080700000, 0x0000000080700000, 0x0000000080800000|  0%| F|  |TAMS 0x0000000080700000, 0x0000000080700000| Untracked 
|   4|0x0000000080800000, 0x0000000080800000, 0x0000000080900000|  0%| F|  |TAMS 0x0000000080800000, 0x0000000080800000| Untracked 
|   5|0x0000000080900000, 0x0000000080900000, 0x0000000080a00000|  0%| F|  |TAMS 0x0000000080900000, 0x0000000080900000| Untracked 
|   6|0x0000000080a00000, 0x0000000080a00000, 0x0000000080b00000|  0%| F|  |TAMS 0x0000000080a00000, 0x0000000080a00000| Untracked 
|   7|0x0000000080b00000, 0x0000000080b00000, 0x0000000080c00000|  0%| F|  |TAMS 0x0000000080b00000, 0x0000000080b00000| Untracked 
|   8|0x0000000080c00000, 0x0000000080c00000, 0x0000000080d00000|  0%| F|  |TAMS 0x0000000080c00000, 0x0000000080c00000| Untracked 
|   9|0x0000000080d00000, 0x0000000080d00000, 0x0000000080e00000|  0%| F|  |TAMS 0x0000000080d00000, 0x0000000080d00000| Untracked 
|  10|0x0000000080e00000, 0x0000000080e00000, 0x0000000080f00000|  0%| F|  |TAMS 0x0000000080e00000, 0x0000000080e00000| Untracked 
|  11|0x0000000080f00000, 0x0000000080f00000, 0x0000000081000000|  0%| F|  |TAMS 0x0000000080f00000, 0x0000000080f00000| Untracked 
|  12|0x0000000081000000, 0x0000000081000000, 0x0000000081100000|  0%| F|  |TAMS 0x0000000081000000, 0x0000000081000000| Untracked 
|  13|0x0000000081100000, 0x0000000081100000, 0x0000000081200000|  0%| F|  |TAMS 0x0000000081100000, 0x0000000081100000| Untracked 
|  14|0x0000000081200000, 0x0000000081200000, 0x0000000081300000|  0%| F|  |TAMS 0x0000000081200000, 0x0000000081200000| Untracked 
|  15|0x0000000081300000, 0x0000000081300000, 0x0000000081400000|  0%| F|  |TAMS 0x0000000081300000, 0x0000000081300000| Untracked 
|  16|0x0000000081400000, 0x0000000081400000, 0x0000000081500000|  0%| F|  |TAMS 0x0000000081400000, 0x0000000081400000| Untracked 
|  17|0x0000000081500000, 0x0000000081500000, 0x0000000081600000|  0%| F|  |TAMS 0x0000000081500000, 0x0000000081500000| Untracked 
|  18|0x0000000081600000, 0x0000000081600000, 0x0000000081700000|  0%| F|  |TAMS 0x0000000081600000, 0x0000000081600000| Untracked 
|  19|0x0000000081700000, 0x0000000081700000, 0x0000000081800000|  0%| F|  |TAMS 0x0000000081700000, 0x0000000081700000| Untracked 
|  20|0x0000000081800000, 0x0000000081800000, 0x0000000081900000|  0%| F|  |TAMS 0x0000000081800000, 0x0000000081800000| Untracked 
|  21|0x0000000081900000, 0x0000000081900000, 0x0000000081a00000|  0%| F|  |TAMS 0x0000000081900000, 0x0000000081900000| Untracked 
|  22|0x0000000081a00000, 0x0000000081a00000, 0x0000000081b00000|  0%| F|  |TAMS 0x0000000081a00000, 0x0000000081a00000| Untracked 
|  23|0x0000000081b00000, 0x0000000081b00000, 0x0000000081c00000|  0%| F|  |TAMS 0x0000000081b00000, 0x0000000081b00000| Untracked 
|  24|0x0000000081c00000, 0x0000000081c00000, 0x0000000081d00000|  0%| F|  |TAMS 0x0000000081c00000, 0x0000000081c00000| Untracked 
|  25|0x0000000081d00000, 0x0000000081d00000, 0x0000000081e00000|  0%| F|  |TAMS 0x0000000081d00000, 0x0000000081d00000| Untracked 
|  26|0x0000000081e00000, 0x0000000081e00000, 0x0000000081f00000|  0%| F|  |TAMS 0x0000000081e00000, 0x0000000081e00000| Untracked 
|  27|0x0000000081f00000, 0x0000000081f00000, 0x0000000082000000|  0%| F|  |TAMS 0x0000000081f00000, 0x0000000081f00000| Untracked 
|  28|0x0000000082000000, 0x0000000082000000, 0x0000000082100000|  0%| F|  |TAMS 0x0000000082000000, 0x0000000082000000| Untracked 
|  29|0x0000000082100000, 0x0000000082100000, 0x0000000082200000|  0%| F|  |TAMS 0x0000000082100000, 0x0000000082100000| Untracked 
|  30|0x0000000082200000, 0x0000000082200000, 0x0000000082300000|  0%| F|  |TAMS 0x0000000082200000, 0x0000000082200000| Untracked 
|  31|0x0000000082300000, 0x0000000082300000, 0x0000000082400000|  0%| F|  |TAMS 0x0000000082300000, 0x0000000082300000| Untracked 
|  32|0x0000000082400000, 0x0000000082400000, 0x0000000082500000|  0%| F|  |TAMS 0x0000000082400000, 0x0000000082400000| Untracked 
|  33|0x0000000082500000, 0x0000000082500000, 0x0000000082600000|  0%| F|  |TAMS 0x0000000082500000, 0x0000000082500000| Untracked 
|  34|0x0000000082600000, 0x0000000082600000, 0x0000000082700000|  0%| F|  |TAMS 0x0000000082600000, 0x0000000082600000| Untracked 
|  35|0x0000000082700000, 0x0000000082700000, 0x0000000082800000|  0%| F|  |TAMS 0x0000000082700000, 0x0000000082700000| Untracked 
|  36|0x0000000082800000, 0x0000000082800000, 0x0000000082900000|  0%| F|  |TAMS 0x0000000082800000, 0x0000000082800000| Untracked 
|  37|0x0000000082900000, 0x0000000082900000, 0x0000000082a00000|  0%| F|  |TAMS 0x0000000082900000, 0x0000000082900000| Untracked 
|  38|0x0000000082a00000, 0x0000000082a00000, 0x0000000082b00000|  0%| F|  |TAMS 0x0000000082a00000, 0x0000000082a00000| Untracked 
|  39|0x0000000082b00000, 0x0000000082b00000, 0x0000000082c00000|  0%| F|  |TAMS 0x0000000082b00000, 0x0000000082b00000| Untracked 
|  40|0x0000000082c00000, 0x0000000082c00000, 0x0000000082d00000|  0%| F|  |TAMS 0x0000000082c00000, 0x0000000082c00000| Untracked 
|  41|0x0000000082d00000, 0x0000000082d00000, 0x0000000082e00000|  0%| F|  |TAMS 0x0000000082d00000, 0x0000000082d00000| Untracked 
|  42|0x0000000082e00000, 0x0000000082e00000, 0x0000000082f00000|  0%| F|  |TAMS 0x0000000082e00000, 0x0000000082e00000| Untracked 
|  43|0x0000000082f00000, 0x0000000082f00000, 0x0000000083000000|  0%| F|  |TAMS 0x0000000082f00000, 0x0000000082f00000| Untracked 
|  44|0x0000000083000000, 0x0000000083000000, 0x0000000083100000|  0%| F|  |TAMS 0x0000000083000000, 0x0000000083000000| Untracked 
|  45|0x0000000083100000, 0x0000000083100000, 0x0000000083200000|  0%| F|  |TAMS 0x0000000083100000, 0x0000000083100000| Untracked 
|  46|0x0000000083200000, 0x0000000083200000, 0x0000000083300000|  0%| F|  |TAMS 0x0000000083200000, 0x0000000083200000| Untracked 
|  47|0x0000000083300000, 0x0000000083300000, 0x0000000083400000|  0%| F|  |TAMS 0x0000000083300000, 0x0000000083300000| Untracked 
|  48|0x0000000083400000, 0x0000000083400000, 0x0000000083500000|  0%| F|  |TAMS 0x0000000083400000, 0x0000000083400000| Untracked 
|  49|0x0000000083500000, 0x0000000083500000, 0x0000000083600000|  0%| F|  |TAMS 0x0000000083500000, 0x0000000083500000| Untracked 
|  50|0x0000000083600000, 0x0000000083600000, 0x0000000083700000|  0%| F|  |TAMS 0x0000000083600000, 0x0000000083600000| Untracked 
|  51|0x0000000083700000, 0x0000000083700000, 0x0000000083800000|  0%| F|  |TAMS 0x0000000083700000, 0x0000000083700000| Untracked 
|  52|0x0000000083800000, 0x0000000083800000, 0x0000000083900000|  0%| F|  |TAMS 0x0000000083800000, 0x0000000083800000| Untracked 
|  53|0x0000000083900000, 0x0000000083900000, 0x0000000083a00000|  0%| F|  |TAMS 0x0000000083900000, 0x0000000083900000| Untracked 
|  54|0x0000000083a00000, 0x0000000083a00000, 0x0000000083b00000|  0%| F|  |TAMS 0x0000000083a00000, 0x0000000083a00000| Untracked 
|  55|0x0000000083b00000, 0x0000000083b00000, 0x0000000083c00000|  0%| F|  |TAMS 0x0000000083b00000, 0x0000000083b00000| Untracked 
|  56|0x0000000083c00000, 0x0000000083c00000, 0x0000000083d00000|  0%| F|  |TAMS 0x0000000083c00000, 0x0000000083c00000| Untracked 
|  57|0x0000000083d00000, 0x0000000083d00000, 0x0000000083e00000|  0%| F|  |TAMS 0x0000000083d00000, 0x0000000083d00000| Untracked 
|  58|0x0000000083e00000, 0x0000000083e00000, 0x0000000083f00000|  0%| F|  |TAMS 0x0000000083e00000, 0x0000000083e00000| Untracked 
|  59|0x0000000083f00000, 0x0000000083f00000, 0x0000000084000000|  0%| F|  |TAMS 0x0000000083f00000, 0x0000000083f00000| Untracked 
|  60|0x0000000084000000, 0x0000000084000000, 0x0000000084100000|  0%| F|  |TAMS 0x0000000084000000, 0x0000000084000000| Untracked 
|  61|0x0000000084100000, 0x0000000084100000, 0x0000000084200000|  0%| F|  |TAMS 0x0000000084100000, 0x0000000084100000| Untracked 
|  62|0x0000000084200000, 0x0000000084200000, 0x0000000084300000|  0%| F|  |TAMS 0x0000000084200000, 0x0000000084200000| Untracked 
|  63|0x0000000084300000, 0x0000000084300000, 0x0000000084400000|  0%| F|  |TAMS 0x0000000084300000, 0x0000000084300000| Untracked 
|  64|0x0000000084400000, 0x0000000084400000, 0x0000000084500000|  0%| F|  |TAMS 0x0000000084400000, 0x0000000084400000| Untracked 
|  65|0x0000000084500000, 0x0000000084500000, 0x0000000084600000|  0%| F|  |TAMS 0x0000000084500000, 0x0000000084500000| Untracked 
|  66|0x0000000084600000, 0x0000000084600000, 0x0000000084700000|  0%| F|  |TAMS 0x0000000084600000, 0x0000000084600000| Untracked 
|  67|0x0000000084700000, 0x0000000084700000, 0x0000000084800000|  0%| F|  |TAMS 0x0000000084700000, 0x0000000084700000| Untracked 
|  68|0x0000000084800000, 0x0000000084800000, 0x0000000084900000|  0%| F|  |TAMS 0x0000000084800000, 0x0000000084800000| Untracked 
|  69|0x0000000084900000, 0x0000000084900000, 0x0000000084a00000|  0%| F|  |TAMS 0x0000000084900000, 0x0000000084900000| Untracked 
|  70|0x0000000084a00000, 0x0000000084a00000, 0x0000000084b00000|  0%| F|  |TAMS 0x0000000084a00000, 0x0000000084a00000| Untracked 
|  71|0x0000000084b00000, 0x0000000084b00000, 0x0000000084c00000|  0%| F|  |TAMS 0x0000000084b00000, 0x0000000084b00000| Untracked 
|  72|0x0000000084c00000, 0x0000000084c00000, 0x0000000084d00000|  0%| F|  |TAMS 0x0000000084c00000, 0x0000000084c00000| Untracked 
|  73|0x0000000084d00000, 0x0000000084d00000, 0x0000000084e00000|  0%| F|  |TAMS 0x0000000084d00000, 0x0000000084d00000| Untracked 
|  74|0x0000000084e00000, 0x0000000084e00000, 0x0000000084f00000|  0%| F|  |TAMS 0x0000000084e00000, 0x0000000084e00000| Untracked 
|  75|0x0000000084f00000, 0x0000000084f00000, 0x0000000085000000|  0%| F|  |TAMS 0x0000000084f00000, 0x0000000084f00000| Untracked 
|  76|0x0000000085000000, 0x0000000085000000, 0x0000000085100000|  0%| F|  |TAMS 0x0000000085000000, 0x0000000085000000| Untracked 
|  77|0x0000000085100000, 0x0000000085100000, 0x0000000085200000|  0%| F|  |TAMS 0x0000000085100000, 0x0000000085100000| Untracked 
|  78|0x0000000085200000, 0x0000000085200000, 0x0000000085300000|  0%| F|  |TAMS 0x0000000085200000, 0x0000000085200000| Untracked 
|  79|0x0000000085300000, 0x0000000085300000, 0x0000000085400000|  0%| F|  |TAMS 0x0000000085300000, 0x0000000085300000| Untracked 
|  80|0x0000000085400000, 0x0000000085400000, 0x0000000085500000|  0%| F|  |TAMS 0x0000000085400000, 0x0000000085400000| Untracked 
|  81|0x0000000085500000, 0x0000000085500000, 0x0000000085600000|  0%| F|  |TAMS 0x0000000085500000, 0x0000000085500000| Untracked 
|  82|0x0000000085600000, 0x0000000085600000, 0x0000000085700000|  0%| F|  |TAMS 0x0000000085600000, 0x0000000085600000| Untracked 
|  83|0x0000000085700000, 0x0000000085700000, 0x0000000085800000|  0%| F|  |TAMS 0x0000000085700000, 0x0000000085700000| Untracked 
|  84|0x0000000085800000, 0x0000000085800000, 0x0000000085900000|  0%| F|  |TAMS 0x0000000085800000, 0x0000000085800000| Untracked 
|  85|0x0000000085900000, 0x0000000085900000, 0x0000000085a00000|  0%| F|  |TAMS 0x0000000085900000, 0x0000000085900000| Untracked 
|  86|0x0000000085a00000, 0x0000000085a00000, 0x0000000085b00000|  0%| F|  |TAMS 0x0000000085a00000, 0x0000000085a00000| Untracked 
|  87|0x0000000085b00000, 0x0000000085b00000, 0x0000000085c00000|  0%| F|  |TAMS 0x0000000085b00000, 0x0000000085b00000| Untracked 
|  88|0x0000000085c00000, 0x0000000085c00000, 0x0000000085d00000|  0%| F|  |TAMS 0x0000000085c00000, 0x0000000085c00000| Untracked 
|  89|0x0000000085d00000, 0x0000000085d00000, 0x0000000085e00000|  0%| F|  |TAMS 0x0000000085d00000, 0x0000000085d00000| Untracked 
|  90|0x0000000085e00000, 0x0000000085e00000, 0x0000000085f00000|  0%| F|  |TAMS 0x0000000085e00000, 0x0000000085e00000| Untracked 
|  91|0x0000000085f00000, 0x0000000085f00000, 0x0000000086000000|  0%| F|  |TAMS 0x0000000085f00000, 0x0000000085f00000| Untracked 
|  92|0x0000000086000000, 0x0000000086000000, 0x0000000086100000|  0%| F|  |TAMS 0x0000000086000000, 0x0000000086000000| Untracked 
|  93|0x0000000086100000, 0x0000000086100000, 0x0000000086200000|  0%| F|  |TAMS 0x0000000086100000, 0x0000000086100000| Untracked 
|  94|0x0000000086200000, 0x0000000086200000, 0x0000000086300000|  0%| F|  |TAMS 0x0000000086200000, 0x0000000086200000| Untracked 
|  95|0x0000000086300000, 0x0000000086300000, 0x0000000086400000|  0%| F|  |TAMS 0x0000000086300000, 0x0000000086300000| Untracked 
|  96|0x0000000086400000, 0x0000000086400000, 0x0000000086500000|  0%| F|  |TAMS 0x0000000086400000, 0x0000000086400000| Untracked 
|  97|0x0000000086500000, 0x0000000086500000, 0x0000000086600000|  0%| F|  |TAMS 0x0000000086500000, 0x0000000086500000| Untracked 
|  98|0x0000000086600000, 0x0000000086600000, 0x0000000086700000|  0%| F|  |TAMS 0x0000000086600000, 0x0000000086600000| Untracked 
|  99|0x0000000086700000, 0x0000000086700000, 0x0000000086800000|  0%| F|  |TAMS 0x0000000086700000, 0x0000000086700000| Untracked 
| 100|0x0000000086800000, 0x0000000086800000, 0x0000000086900000|  0%| F|  |TAMS 0x0000000086800000, 0x0000000086800000| Untracked 
| 101|0x0000000086900000, 0x0000000086900000, 0x0000000086a00000|  0%| F|  |TAMS 0x0000000086900000, 0x0000000086900000| Untracked 
| 102|0x0000000086a00000, 0x0000000086a00000, 0x0000000086b00000|  0%| F|  |TAMS 0x0000000086a00000, 0x0000000086a00000| Untracked 
| 103|0x0000000086b00000, 0x0000000086b00000, 0x0000000086c00000|  0%| F|  |TAMS 0x0000000086b00000, 0x0000000086b00000| Untracked 
| 104|0x0000000086c00000, 0x0000000086c00000, 0x0000000086d00000|  0%| F|  |TAMS 0x0000000086c00000, 0x0000000086c00000| Untracked 
| 105|0x0000000086d00000, 0x0000000086d00000, 0x0000000086e00000|  0%| F|  |TAMS 0x0000000086d00000, 0x0000000086d00000| Untracked 
| 106|0x0000000086e00000, 0x0000000086e00000, 0x0000000086f00000|  0%| F|  |TAMS 0x0000000086e00000, 0x0000000086e00000| Untracked 
| 107|0x0000000086f00000, 0x0000000086f00000, 0x0000000087000000|  0%| F|  |TAMS 0x0000000086f00000, 0x0000000086f00000| Untracked 
| 108|0x0000000087000000, 0x0000000087000000, 0x0000000087100000|  0%| F|  |TAMS 0x0000000087000000, 0x0000000087000000| Untracked 
| 109|0x0000000087100000, 0x0000000087100000, 0x0000000087200000|  0%| F|  |TAMS 0x0000000087100000, 0x0000000087100000| Untracked 
| 110|0x0000000087200000, 0x0000000087200000, 0x0000000087300000|  0%| F|  |TAMS 0x0000000087200000, 0x0000000087200000| Untracked 
| 111|0x0000000087300000, 0x0000000087300000, 0x0000000087400000|  0%| F|  |TAMS 0x0000000087300000, 0x0000000087300000| Untracked 
| 112|0x0000000087400000, 0x0000000087400000, 0x0000000087500000|  0%| F|  |TAMS 0x0000000087400000, 0x0000000087400000| Untracked 
| 113|0x0000000087500000, 0x0000000087500000, 0x0000000087600000|  0%| F|  |TAMS 0x0000000087500000, 0x0000000087500000| Untracked 
| 114|0x0000000087600000, 0x0000000087600000, 0x0000000087700000|  0%| F|  |TAMS 0x0000000087600000, 0x0000000087600000| Untracked 
| 115|0x0000000087700000, 0x0000000087700000, 0x0000000087800000|  0%| F|  |TAMS 0x0000000087700000, 0x0000000087700000| Untracked 
| 116|0x0000000087800000, 0x0000000087800000, 0x0000000087900000|  0%| F|  |TAMS 0x0000000087800000, 0x0000000087800000| Untracked 
| 117|0x0000000087900000, 0x0000000087900000, 0x0000000087a00000|  0%| F|  |TAMS 0x0000000087900000, 0x0000000087900000| Untracked 
| 118|0x0000000087a00000, 0x0000000087a00800, 0x0000000087b00000|  0%| E|  |TAMS 0x0000000087a00000, 0x0000000087a00000| Complete 
| 119|0x0000000087b00000, 0x0000000087c00000, 0x0000000087c00000|100%| E|CS|TAMS 0x0000000087b00000, 0x0000000087b00000| Complete 
| 120|0x0000000087c00000, 0x0000000087d00000, 0x0000000087d00000|100%| E|CS|TAMS 0x0000000087c00000, 0x0000000087c00000| Complete 
| 121|0x0000000087d00000, 0x0000000087e00000, 0x0000000087e00000|100%| E|CS|TAMS 0x0000000087d00000, 0x0000000087d00000| Complete 
| 122|0x0000000087e00000, 0x0000000087f00000, 0x0000000087f00000|100%| E|CS|TAMS 0x0000000087e00000, 0x0000000087e00000| Complete 
| 123|0x0000000087f00000, 0x0000000088000000, 0x0000000088000000|100%| E|CS|TAMS 0x0000000087f00000, 0x0000000087f00000| Complete 
| 124|0x0000000088000000, 0x0000000088100000, 0x0000000088100000|100%| E|  |TAMS 0x0000000088000000, 0x0000000088000000| Complete 
| 125|0x0000000088100000, 0x0000000088200000, 0x0000000088200000|100%| E|CS|TAMS 0x0000000088100000, 0x0000000088100000| Complete 
| 126|0x0000000088200000, 0x0000000088300000, 0x0000000088300000|100%| E|CS|TAMS 0x0000000088200000, 0x0000000088200000| Complete 
| 127|0x0000000088300000, 0x0000000088400000, 0x0000000088400000|100%| E|CS|TAMS 0x0000000088300000, 0x0000000088300000| Complete 

Card table byte_map: [0x000002686b830000,0x000002686bc30000] _byte_map_base: 0x000002686b42e000

Marking Bits (Prev, Next): (CMBitMap*) 0x00000268536c7208, (CMBitMap*) 0x00000268536c7240
 Prev Bits: [0x000002686c030000, 0x000002686e020000)
 Next Bits: [0x000002686e020000, 0x0000026870010000)

Polling page: 0x0000026853750000

Metaspace:

Usage:
  Non-class:      7.80 MB capacity,     7.70 MB ( 99%) used,    85.32 KB (  1%) free+waste,    14.00 KB ( <1%) overhead. 
      Class:    873.00 KB capacity,   802.38 KB ( 92%) used,    63.69 KB (  7%) free+waste,     6.94 KB ( <1%) overhead. 
       Both:      8.65 MB capacity,     8.49 MB ( 98%) used,   149.01 KB (  2%) free+waste,    20.94 KB ( <1%) overhead. 

Virtual space:
  Non-class space:        8.00 MB reserved,       8.00 MB (100%) committed 
      Class space:        1.00 GB reserved,     896.00 KB ( <1%) committed 
             Both:        1.01 GB reserved,       8.88 MB ( <1%) committed 

Chunk freelists:
   Non-Class:  1.50 KB
       Class:  2.88 KB
        Both:  4.38 KB

CodeHeap 'non-profiled nmethods': size=120000Kb used=151Kb max_used=151Kb free=119848Kb
 bounds [0x0000026863490000, 0x0000026863700000, 0x000002686a9c0000]
CodeHeap 'profiled nmethods': size=120000Kb used=788Kb max_used=788Kb free=119211Kb
 bounds [0x000002685bf60000, 0x000002685c1d0000, 0x0000026863490000]
CodeHeap 'non-nmethods': size=5760Kb used=1182Kb max_used=1199Kb free=4578Kb
 bounds [0x000002685b9c0000, 0x000002685bc30000, 0x000002685bf60000]
 total_blobs=1017 nmethods=498 adapters=331
 compilation: enabled
              stopped_count=0, restarted_count=0
 full_count=0

Compilation events (10 events):
Event: 15182.637 Thread 0x0000026873488800  501   !   3       java.lang.ref.ReferenceQueue::remove (125 bytes)
Event: 15182.651 Thread 0x0000026873488800 nmethod 501 0x000002685c023190 code [0x000002685c0233e0, 0x000002685c023d40]
Event: 15302.638 Thread 0x0000026873488800  502   !   3       jdk.internal.ref.PhantomCleanable::isListEmpty (34 bytes)
Event: 15302.640 Thread 0x0000026873488800 nmethod 502 0x000002685c024110 code [0x000002685c0242e0, 0x000002685c024638]
Event: 15302.640 Thread 0x0000026873488800  503       3       jdk.internal.misc.InnocuousThread::eraseThreadLocals (23 bytes)
Event: 15302.643 Thread 0x0000026873488800 nmethod 503 0x000002685c024790 code [0x000002685c024940, 0x000002685c024b78]
Event: 20226.799 Thread 0x0000026873488800  504       3       java.util.HashMap::isEmpty (13 bytes)
Event: 20226.800 Thread 0x0000026873488800 nmethod 504 0x000002685c024c10 code [0x000002685c024dc0, 0x000002685c024f78]
Event: 20227.971 Thread 0x0000026873488800  505       3       java.util.AbstractSet::<init> (5 bytes)
Event: 20227.973 Thread 0x0000026873488800 nmethod 505 0x000002685c025010 code [0x000002685c0251c0, 0x000002685c0253d8]

GC Heap History (0 events):
No events

Deoptimization events (1 events):
Event: 1.700 Thread 0x0000026851e9a000 Uncommon trap: reason=unstable_if action=reinterpret pc=0x00000268634946b8 method=java.lang.String.hashCode()I @ 14 c2

Classes redefined (0 events):
No events

Internal exceptions (10 events):
Event: 3.891 Thread 0x0000026851e9a000 Exception <a 'java/lang/NoSuchMethodError'{0x00000000880421e0}: java.lang.invoke.DelegatingMethodHandle$Holder.reinvoke_L(Ljava/lang/Object;IILjava/lang/Object;Ljava/lang/Object;Ljava/lang/Object;)Ljava/lang/Object;> (0x00000000880421e0) thrown at [t:/wor
Event: 3.903 Thread 0x0000026851e9a000 Exception <a 'java/lang/NoSuchMethodError'{0x00000000880462c0}: java.lang.invoke.DirectMethodHandle$Holder.invokeStatic(Ljava/lang/Object;Ljava/lang/Object;Ljava/lang/Object;Ljava/lang/Object;I)Ljava/lang/Object;> (0x00000000880462c0) thrown at [t:/worksp
Event: 3.921 Thread 0x0000026851e9a000 Exception <a 'java/io/FileNotFoundException'{0x00000000880a9088}> (0x00000000880a9088) thrown at [t:/workspace/open/src/hotspot/share/prims/jni.cpp, line 615]
Event: 4.083 Thread 0x0000026851e9a000 Exception <a 'java/security/PrivilegedActionException'{0x00000000880fdf78}> (0x00000000880fdf78) thrown at [t:/workspace/open/src/hotspot/share/prims/jvm.cpp, line 1307]
Event: 4.083 Thread 0x0000026851e9a000 Exception <a 'java/security/PrivilegedActionException'{0x00000000880fe4f0}> (0x00000000880fe4f0) thrown at [t:/workspace/open/src/hotspot/share/prims/jvm.cpp, line 1307]
Event: 4.086 Thread 0x0000026851e9a000 Exception <a 'java/security/PrivilegedActionException'{0x0000000087f817c0}> (0x0000000087f817c0) thrown at [t:/workspace/open/src/hotspot/share/prims/jvm.cpp, line 1307]
Event: 4.086 Thread 0x0000026851e9a000 Exception <a 'java/security/PrivilegedActionException'{0x0000000087f81d38}> (0x0000000087f81d38) thrown at [t:/workspace/open/src/hotspot/share/prims/jvm.cpp, line 1307]
Event: 4.354 Thread 0x0000026873a57800 Exception <a 'java/lang/NoSuchMethodError'{0x0000000087ff0098}: java.lang.invoke.DirectMethodHandle$Holder.invokeSpecial(Ljava/lang/Object;Ljava/lang/Object;)V> (0x0000000087ff0098) thrown at [t:/workspace/open/src/hotspot/share/interpreter/linkResolver.c
Event: 4.361 Thread 0x0000026851e9a000 Exception <a 'java/lang/NoSuchMethodError'{0x0000000087e0e4a8}: java.lang.invoke.DirectMethodHandle$Holder.invokeStatic(Ljava/lang/Object;Ljava/lang/Object;Ljava/lang/Object;Ljava/lang/Object;Ljava/lang/Object;Ljava/lang/Object;Ljava/lang/Object;Ljava/lan
Event: 4.364 Thread 0x0000026851e9a000 Exception <a 'java/lang/NoSuchMethodError'{0x0000000087e28580}: java.lang.invoke.DirectMethodHandle$Holder.invokeStatic(Ljava/lang/Object;Ljava/lang/Object;Ljava/lang/Object;Ljava/lang/Object;Ljava/lang/Object;Ljava/lang/Object;Ljava/lang/Object;Ljava/lan

Events (10 events):
Event: 21367.007 loading class java/awt/desktop/SystemEventListener done
Event: 21367.007 loading class java/awt/desktop/SystemSleepListener done
Event: 21368.008 Executing VM operation: RevokeBias
Event: 21368.008 Executing VM operation: RevokeBias done
Event: 21368.008 Thread 0x0000026873a53800 Thread exited: 0x0000026873a53800
Event: 21369.979 Thread 0x0000026873a53800 Thread added: 0x0000026873a53800
Event: 21370.986 Executing VM operation: RevokeBias
Event: 21370.987 Executing VM operation: RevokeBias done
Event: 21370.987 Thread 0x0000026873a53800 Thread exited: 0x0000026873a53800
Event: 23052.881 Thread 0x0000026873a53800 Thread added: 0x0000026873a53800


Dynamic libraries:
0x00007ff7ad190000 - 0x00007ff7ad1d5000 	C:\Program Files\BlueJ\jdk\bin\java.exe
0x00007ffffc660000 - 0x00007ffffc850000 	C:\WINDOWS\SYSTEM32\ntdll.dll
0x00007ffffbeb0000 - 0x00007ffffbf62000 	C:\WINDOWS\System32\KERNEL32.DLL
0x00007ffff96c0000 - 0x00007ffff9964000 	C:\WINDOWS\System32\KERNELBASE.dll
0x00007ffff6770000 - 0x00007ffff67ff000 	C:\WINDOWS\SYSTEM32\apphelp.dll
0x00007ffffa870000 - 0x00007ffffaa05000 	C:\WINDOWS\System32\USER32.dll
0x00007ffffa6e0000 - 0x00007ffffa701000 	C:\WINDOWS\System32\win32u.dll
0x00007ffffc260000 - 0x00007ffffc286000 	C:\WINDOWS\System32\GDI32.dll
0x00007ffffa4c0000 - 0x00007ffffa656000 	C:\WINDOWS\System32\gdi32full.dll
0x00007ffffa1d0000 - 0x00007ffffa26e000 	C:\WINDOWS\System32\msvcp_win.dll
0x00007ffffa270000 - 0x00007ffffa36a000 	C:\WINDOWS\System32\ucrtbase.dll
0x00007ffff8a10000 - 0x00007ffff8c94000 	C:\WINDOWS\WinSxS\amd64_microsoft.windows.common-controls_6595b64144ccf1df_6.0.18362.1016_none_9e7a36bbe461dae4\COMCTL32.dll
0x00007ffffb050000 - 0x00007ffffb0ee000 	C:\WINDOWS\System32\msvcrt.dll
0x00007ffffb0f0000 - 0x00007ffffb425000 	C:\WINDOWS\System32\combase.dll
0x00007ffffaa10000 - 0x00007ffffab30000 	C:\WINDOWS\System32\RPCRT4.dll
0x00007ffff99c0000 - 0x00007ffff9a40000 	C:\WINDOWS\System32\bcryptPrimitives.dll
0x00007ffffb020000 - 0x00007ffffb04e000 	C:\WINDOWS\System32\IMM32.DLL
0x00007ffff78f0000 - 0x00007ffff7906000 	C:\Program Files\BlueJ\jdk\bin\vcruntime140.dll
0x00007fffb6650000 - 0x00007fffb66fa000 	C:\Program Files\BlueJ\jdk\bin\msvcp140.dll
0x00007fffafde0000 - 0x00007fffb0903000 	C:\Program Files\BlueJ\jdk\bin\server\jvm.dll
0x00007ffffc570000 - 0x00007ffffc613000 	C:\WINDOWS\System32\ADVAPI32.dll
0x00007ffffc4d0000 - 0x00007ffffc567000 	C:\WINDOWS\System32\sechost.dll
0x00007ffffc300000 - 0x00007ffffc308000 	C:\WINDOWS\System32\PSAPI.DLL
0x00007ffff8f70000 - 0x00007ffff8f79000 	C:\WINDOWS\SYSTEM32\WSOCK32.dll
0x00007ffff6830000 - 0x00007ffff6854000 	C:\WINDOWS\SYSTEM32\WINMM.dll
0x00007ffffc290000 - 0x00007ffffc2ff000 	C:\WINDOWS\System32\WS2_32.dll
0x00007ffff7670000 - 0x00007ffff767a000 	C:\WINDOWS\SYSTEM32\VERSION.dll
0x00007ffff6800000 - 0x00007ffff682d000 	C:\WINDOWS\SYSTEM32\winmmbase.dll
0x00007ffff9970000 - 0x00007ffff99ba000 	C:\WINDOWS\System32\cfgmgr32.dll
0x00007ffff95c0000 - 0x00007ffff95d1000 	C:\WINDOWS\System32\kernel.appcore.dll
0x00007ffff6590000 - 0x00007ffff65a1000 	C:\Program Files\BlueJ\jdk\bin\verify.dll
0x00007ffff9030000 - 0x00007ffff9224000 	C:\WINDOWS\SYSTEM32\DBGHELP.DLL
0x00007ffff8f40000 - 0x00007ffff8f6a000 	C:\WINDOWS\SYSTEM32\dbgcore.DLL
0x00007ffff6560000 - 0x00007ffff6588000 	C:\Program Files\BlueJ\jdk\bin\java.dll
0x00007fffc8f70000 - 0x00007fffc8fa7000 	C:\Program Files\BlueJ\jdk\bin\jdwp.dll
0x00007ffff6540000 - 0x00007ffff6556000 	C:\Program Files\BlueJ\jdk\bin\zip.dll
0x00007ffff78e0000 - 0x00007ffff78ea000 	C:\Program Files\BlueJ\jdk\bin\jimage.dll
0x00007ffffb7c0000 - 0x00007ffffbea7000 	C:\WINDOWS\System32\SHELL32.dll
0x00007ffffb710000 - 0x00007ffffb7b9000 	C:\WINDOWS\System32\shcore.dll
0x00007ffff9a40000 - 0x00007ffffa1c2000 	C:\WINDOWS\System32\windows.storage.dll
0x00007ffff9590000 - 0x00007ffff95b3000 	C:\WINDOWS\System32\profapi.dll
0x00007ffff9520000 - 0x00007ffff956a000 	C:\WINDOWS\System32\powrprof.dll
0x00007ffff9510000 - 0x00007ffff9520000 	C:\WINDOWS\System32\UMPDC.dll
0x00007ffffc3e0000 - 0x00007ffffc432000 	C:\WINDOWS\System32\shlwapi.dll
0x00007ffffa6c0000 - 0x00007ffffa6d7000 	C:\WINDOWS\System32\cryptsp.dll
0x00007ffff1110000 - 0x00007ffff111b000 	C:\Program Files\BlueJ\jdk\bin\dt_shmem.dll
0x00007ffff6520000 - 0x00007ffff6539000 	C:\Program Files\BlueJ\jdk\bin\net.dll
0x00007ffff3dc0000 - 0x00007ffff3f96000 	C:\WINDOWS\SYSTEM32\urlmon.dll
0x00007fffe95a0000 - 0x00007fffe9690000 	C:\WINDOWS\SYSTEM32\WINHTTP.dll
0x00007fffe1c40000 - 0x00007fffe1ee6000 	C:\WINDOWS\SYSTEM32\iertutil.dll
0x00007ffff88c0000 - 0x00007ffff88cc000 	C:\WINDOWS\SYSTEM32\CRYPTBASE.DLL
0x00007ffff86f0000 - 0x00007ffff8757000 	C:\WINDOWS\system32\mswsock.dll
0x00007ffff58d0000 - 0x00007ffff58e3000 	C:\Program Files\BlueJ\jdk\bin\nio.dll
0x00007fffecdb0000 - 0x00007fffecf4e000 	C:\Program Files\BlueJ\jdk\bin\awt.dll
0x00007ffffb640000 - 0x00007ffffb705000 	C:\WINDOWS\System32\OLEAUT32.dll
0x00007ffff44b0000 - 0x00007ffff4a70000 	C:\WINDOWS\SYSTEM32\d2d1.dll
0x00007ffff69e0000 - 0x00007ffff6a79000 	C:\WINDOWS\system32\uxtheme.dll
0x00007ffffb430000 - 0x00007ffffb565000 	C:\WINDOWS\System32\MSCTF.dll
0x00007ffffa710000 - 0x00007ffffa867000 	C:\WINDOWS\System32\ole32.dll

dbghelp: loaded successfully - version: 4.0.5 - missing functions: none
symbol engine: initialized successfully - sym options: 0x614 - pdb path: .;C:\Program Files\BlueJ\jdk\bin;C:\WINDOWS\SYSTEM32;C:\WINDOWS\WinSxS\amd64_microsoft.windows.common-controls_6595b64144ccf1df_6.0.18362.1016_none_9e7a36bbe461dae4;C:\Program Files\BlueJ\jdk\bin\server

VM Arguments:
jvm_args: -ea -agentlib:jdwp=transport=dt_shmem,address=javadebug -Dfile.encoding=UTF-8 
java_command: bluej.runtime.ExecServer UTF-8
java_class_path (initial): C:\Program Files\BlueJ\lib\bluejcore.jar;C:\Program Files\BlueJ\lib\junit-4.11.jar;C:\Program Files\BlueJ\lib\hamcrest-core-1.3.jar;C:\Program Files\BlueJ\lib\lang-stride.jar;C:\Program Files\BlueJ\lib\javafx\lib\javafx.base.jar;C:\Program Files\BlueJ\lib\javafx\lib\javafx.controls.jar;C:\Program Files\BlueJ\lib\javafx\lib\javafx.fxml.jar;C:\Program Files\BlueJ\lib\javafx\lib\javafx.graphics.jar;C:\Program Files\BlueJ\lib\javafx\lib\javafx.media.jar;C:\Program Files\BlueJ\lib\javafx\lib\javafx.properties.jar;C:\Program Files\BlueJ\lib\javafx\lib\javafx.swing.jar;C:\Program Files\BlueJ\lib\javafx\lib\javafx.web.jar;C:\Program Files\BlueJ\lib\javafx\lib\javafx.base.jar;C:\Program Files\BlueJ\lib\javafx\lib\javafx.controls.jar;C:\Program Files\BlueJ\lib\javafx\lib\javafx.fxml.jar;C:\Program Files\BlueJ\lib\javafx\lib\javafx.graphics.jar;C:\Program Files\BlueJ\lib\javafx\lib\javafx.media.jar;C:\Program Files\BlueJ\lib\javafx\lib\javafx.properties.jar;C:\Program Files\BlueJ\lib\javafx\lib\javafx.swing.jar;C:\Program Files\BlueJ\lib\javafx\lib\javafx.web.jar
Launcher Type: SUN_STANDARD

[Global flags]
     intx CICompilerCount                          = 4                                         {product} {ergonomic}
     uint ConcGCThreads                            = 2                                         {product} {ergonomic}
     uint G1ConcRefinementThreads                  = 8                                         {product} {ergonomic}
   size_t G1HeapRegionSize                         = 1048576                                   {product} {ergonomic}
    uintx GCDrainStackTargetSize                   = 64                                        {product} {ergonomic}
   size_t InitialHeapSize                          = 134217728                                 {product} {ergonomic}
   size_t MarkStackSize                            = 4194304                                   {product} {ergonomic}
   size_t MaxHeapSize                              = 2143289344                                {product} {ergonomic}
   size_t MaxNewSize                               = 1285554176                                {product} {ergonomic}
   size_t MinHeapDeltaBytes                        = 1048576                                   {product} {ergonomic}
    uintx NonNMethodCodeHeapSize                   = 5835340                                {pd product} {ergonomic}
    uintx NonProfiledCodeHeapSize                  = 122911450                              {pd product} {ergonomic}
    uintx ProfiledCodeHeapSize                     = 122911450                              {pd product} {ergonomic}
    uintx ReservedCodeCacheSize                    = 251658240                              {pd product} {ergonomic}
     bool SegmentedCodeCache                       = true                                      {product} {ergonomic}
     bool UseCompressedClassPointers               = true                                 {lp64_product} {ergonomic}
     bool UseCompressedOops                        = true                                 {lp64_product} {ergonomic}
     bool UseG1GC                                  = true                                      {product} {ergonomic}
     bool UseLargePagesIndividualAllocation        = false                                  {pd product} {ergonomic}

Logging:
Log output configuration:
 #0: stdout all=warning uptime,level,tags
 #1: stderr all=off uptime,level,tags

Environment Variables:
PATH=C:\Program Files (x86)\Common Files\Oracle\Java\javapath;C:\WINDOWS\system32;C:\WINDOWS;C:\WINDOWS\System32\Wbem;C:\WINDOWS\System32\WindowsPowerShell\v1.0\;C:\Program Files (x86)\IVI Foundation\VISA\WinNT\Bin;C:\Program Files (x86)\ATI Technologies\ATI.ACE\Core-Static;C:\Program Files (x86)\AMD\ATI.ACE\Core-Static;C:\Program Files (x86)\Java\jre1.8.0_60\bin;C:\Program Files (x86)\Skype\Phone\;C:\Program Files (x86)\Pinnacle\Shared Files\;C:\Program Files (x86)\Pinnacle\Shared Files\Filter\;C:\WINDOWS\System32\OpenSSH\;C:\Program Files\nodejs\;C:\Program Files\PuTTY\;C:\Users\Sritheepic\AppData\Local\Microsoft\WindowsApps;C:\Users\Sritheepic\AppData\Roaming\npm
USERNAME=Sritheepic
OS=Windows_NT
PROCESSOR_IDENTIFIER=AMD64 Family 21 Model 2 Stepping 0, AuthenticAMD



---------------  S Y S T E M  ---------------

OS: Windows 10 , 64 bit Build 18362 (10.0.18362.959)

CPU:total 8 (initial active 8) (8 cores per cpu, 1 threads per core) family 21 model 2 stepping 0, cmov, cx8, fxsr, mmx, sse, sse2, sse3, ssse3, sse4.1, sse4.2, popcnt, avx, aes, clmul, mmxext, 3dnowpref, lzcnt, sse4a, tsc, tscinvbit, tscinv, bmi1, fma

Memory: 4k page, system-wide physical 8173M (2247M free)
TotalPageFile size 14492M (AvailPageFile size 4065M)
current process WorkingSet (physical memory assigned to process): 8M, peak: 48M
current process commit charge ("private bytes"): 211M, peak: 213M

vm_info: OpenJDK 64-Bit Server VM (11.0.2+9) for windows-amd64 JRE (11.0.2+9), built on Jan 18 2019 05:23:22 by "mach5one" with MS VC++ 15.5 (VS2017)

END.
